#
# There is insufficient memory for the Java Runtime Environment to continue.
# Native memory allocation (malloc) failed to allocate 133600 bytes for Chunk::new
# Possible reasons:
#   The system is out of physical RAM or swap space
#   The process is running with CompressedOops enabled, and the Java Heap may be blocking the growth of the native heap
# Possible solutions:
#   Reduce memory load on the system
#   Increase physical memory or swap space
#   Check if swap backing store is full
#   Decrease Java heap size (-Xmx/-Xms)
#   Decrease number of Java threads
#   Decrease Java thread stack sizes (-Xss)
#   Set larger code cache with -XX:ReservedCodeCacheSize=
#   JVM is running with Unscaled Compressed Oops mode in which the Java heap is
#     placed in the first 4GB address space. The Java Heap base address is the
#     maximum limit for the native heap growth. Please use -XX:HeapBaseMinAddress
#     to set the Java Heap base and to place the Java Heap above 4GB virtual address.
# This output file may be truncated or incomplete.
#
#  Out of Memory Error (arena.cpp:195), pid=1356, tid=19212
#
# JRE version: OpenJDK Runtime Environment (16.0.2+7) (build 16.0.2+7-67)
# Java VM: OpenJDK 64-Bit Server VM (16.0.2+7-67, mixed mode, tiered, compressed oops, compressed class ptrs, g1 gc, windows-amd64)
# No core dump will be written. Minidumps are not enabled by default on client versions of Windows
#

---------------  S U M M A R Y ------------

Command Line: -Dfile.encoding=Cp1252 -XX:+ShowCodeDetailsInExceptionMessages default_pack.MainClass

Host: Intel(R) Core(TM) i3-4005U CPU @ 1.70GHz, 4 cores, 3G,  Windows 10 , 64 bit Build 19041 (10.0.19041.1706)
Time: Fri May 20 05:38:07 2022 GTB Daylight Time elapsed time: 7.579773 seconds (0d 0h 0m 7s)

---------------  T H R E A D  ---------------

Current thread (0x00000248aef4ce80):  JavaThread "C2 CompilerThread0" daemon [_thread_in_native, id=19212, stack(0x000000f13f300000,0x000000f13f400000)]


Current CompileTask:
C2:   7580 1061       4       java.io.ObjectStreamClass$FieldReflector::setObjFieldValues (259 bytes)

Stack: [0x000000f13f300000,0x000000f13f400000]
Native frames: (J=compiled Java code, j=interpreted, Vv=VM code, C=native code)
V  [jvm.dll+0x6681ca]
V  [jvm.dll+0x7c9e69]
V  [jvm.dll+0x7cb61e]
V  [jvm.dll+0x7cbc73]
V  [jvm.dll+0x242c55]
V  [jvm.dll+0xadeba]
V  [jvm.dll+0xae45c]
V  [jvm.dll+0x35a8d7]
V  [jvm.dll+0x324de1]
V  [jvm.dll+0x32428a]
V  [jvm.dll+0x215cec]
V  [jvm.dll+0x215100]
V  [jvm.dll+0x1a1beb]
V  [jvm.dll+0x225158]
V  [jvm.dll+0x22319c]
V  [jvm.dll+0x77fa62]
V  [jvm.dll+0x7795aa]
V  [jvm.dll+0x667066]
C  [ucrtbase.dll+0x21bb2]
C  [KERNEL32.DLL+0x17034]
C  [ntdll.dll+0x52651]


---------------  P R O C E S S  ---------------

Threads class SMR info:
_java_thread_list=0x00000248afea3870, length=17, elements={
0x00000248aeeeb010, 0x00000248aeeec150, 0x00000248aef2f010, 0x00000248aef330e0,
0x00000248aef34260, 0x00000248aef4aa90, 0x00000248aef4ce80, 0x00000248aef56740,
0x00000248aef7dd00, 0x00000248afa34d10, 0x00000248afa3d160, 0x00000248afe7ee90,
0x00000248afe81e70, 0x00000248afe82390, 0x00000248aff04020, 0x0000024897f6ef40,
0x00000248b00606e0
}

Java Threads: ( => current thread )
  0x00000248aeeeb010 JavaThread "Reference Handler" daemon [_thread_blocked, id=7260, stack(0x000000f13ed00000,0x000000f13ee00000)]
  0x00000248aeeec150 JavaThread "Finalizer" daemon [_thread_blocked, id=16748, stack(0x000000f13ee00000,0x000000f13ef00000)]
  0x00000248aef2f010 JavaThread "Signal Dispatcher" daemon [_thread_blocked, id=17464, stack(0x000000f13ef00000,0x000000f13f000000)]
  0x00000248aef330e0 JavaThread "Attach Listener" daemon [_thread_blocked, id=14672, stack(0x000000f13f000000,0x000000f13f100000)]
  0x00000248aef34260 JavaThread "Service Thread" daemon [_thread_blocked, id=19060, stack(0x000000f13f100000,0x000000f13f200000)]
  0x00000248aef4aa90 JavaThread "Monitor Deflation Thread" daemon [_thread_blocked, id=11468, stack(0x000000f13f200000,0x000000f13f300000)]
=>0x00000248aef4ce80 JavaThread "C2 CompilerThread0" daemon [_thread_in_native, id=19212, stack(0x000000f13f300000,0x000000f13f400000)]
  0x00000248aef56740 JavaThread "C1 CompilerThread0" daemon [_thread_blocked, id=18680, stack(0x000000f13f400000,0x000000f13f500000)]
  0x00000248aef7dd00 JavaThread "Sweeper thread" daemon [_thread_blocked, id=5500, stack(0x000000f13f500000,0x000000f13f600000)]
  0x00000248afa34d10 JavaThread "Notification Thread" daemon [_thread_blocked, id=12544, stack(0x000000f13f600000,0x000000f13f700000)]
  0x00000248afa3d160 JavaThread "Common-Cleaner" daemon [_thread_blocked, id=19368, stack(0x000000f13f800000,0x000000f13f900000)]
  0x00000248afe7ee90 JavaThread "Java2D Disposer" daemon [_thread_blocked, id=14068, stack(0x000000f13fa00000,0x000000f13fb00000)]
  0x00000248afe81e70 JavaThread "AWT-Shutdown" [_thread_blocked, id=18576, stack(0x000000f13fb00000,0x000000f13fc00000)]
  0x00000248afe82390 JavaThread "AWT-Windows" daemon [_thread_in_native, id=8992, stack(0x000000f13fc00000,0x000000f13fd00000)]
  0x00000248aff04020 JavaThread "AWT-EventQueue-0" [_thread_in_native, id=15304, stack(0x000000f13fd00000,0x000000f13fe00000)]
  0x0000024897f6ef40 JavaThread "DestroyJavaVM" [_thread_blocked, id=14504, stack(0x000000f13e600000,0x000000f13e700000)]
  0x00000248b00606e0 JavaThread "TimerQueue" daemon [_thread_blocked, id=17648, stack(0x000000f13fe00000,0x000000f13ff00000)]

Other Threads:
  0x00000248aeed4b70 VMThread "VM Thread" [stack: 0x000000f13ec00000,0x000000f13ed00000] [id=17268]
  0x00000248afa35230 WatcherThread [stack: 0x000000f13f700000,0x000000f13f800000] [id=9204]
  0x0000024897f9da80 GCTaskThread "GC Thread#0" [stack: 0x000000f13e700000,0x000000f13e800000] [id=17460]
  0x0000024897fa6900 ConcurrentGCThread "G1 Main Marker" [stack: 0x000000f13e800000,0x000000f13e900000] [id=18704]
  0x0000024897fa7da0 ConcurrentGCThread "G1 Conc#0" [stack: 0x000000f13e900000,0x000000f13ea00000] [id=6772]
  0x0000024897ff6710 ConcurrentGCThread "G1 Refine#0" [stack: 0x000000f13ea00000,0x000000f13eb00000] [id=3152]
  0x0000024897ff7190 ConcurrentGCThread "G1 Service" [stack: 0x000000f13eb00000,0x000000f13ec00000] [id=12428]

Threads with active compile tasks:
C2 CompilerThread0     7831 1061       4       java.io.ObjectStreamClass$FieldReflector::setObjFieldValues (259 bytes)

VM state: not at safepoint (normal execution)

VM Mutex/Monitor currently owned by a thread: None

Heap address: 0x00000000c1600000, size: 1002 MB, Compressed Oops mode: 32-bit

CDS disabled.
Compressed class space mapped at: 0x0000000100000000-0x0000000140000000, reserved size: 1073741824
Narrow klass base: 0x0000000000000000, Narrow klass shift: 3, Narrow klass range: 0x140000000

GC Precious Log:
 CPUs: 4 total, 4 available
 Memory: 4000M
 Large Page Support: Disabled
 NUMA Support: Disabled
 Compressed Oops: Enabled (32-bit)
 Heap Region Size: 1M
 Heap Min Capacity: 8M
 Heap Initial Capacity: 64M
 Heap Max Capacity: 1002M
 Pre-touch: Disabled
 Parallel Workers: 4
 Concurrent Workers: 1
 Concurrent Refinement Workers: 4
 Periodic GC: Disabled

Heap:
 garbage-first heap   total 65536K, used 10240K [0x00000000c1600000, 0x0000000100000000)
  region size 1024K, 9 young (9216K), 0 survivors (0K)
 Metaspace       used 15535K, committed 15744K, reserved 1064960K
  class space    used 1577K, committed 1728K, reserved 1048576K

Heap Regions: E=young(eden), S=young(survivor), O=old, HS=humongous(starts), HC=humongous(continues), CS=collection set, F=free, OA=open archive, CA=closed archive, TAMS=top-at-mark-start (previous, next)
|   0|0x00000000c1600000, 0x00000000c1700000, 0x00000000c1700000|100%|HS|  |TAMS 0x00000000c1600000, 0x00000000c1600000| Complete 
|   1|0x00000000c1700000, 0x00000000c1800000, 0x00000000c1800000|100%|HC|  |TAMS 0x00000000c1700000, 0x00000000c1700000| Complete 
|   2|0x00000000c1800000, 0x00000000c1800000, 0x00000000c1900000|  0%| F|  |TAMS 0x00000000c1800000, 0x00000000c1800000| Untracked 
|   3|0x00000000c1900000, 0x00000000c1900000, 0x00000000c1a00000|  0%| F|  |TAMS 0x00000000c1900000, 0x00000000c1900000| Untracked 
|   4|0x00000000c1a00000, 0x00000000c1a00000, 0x00000000c1b00000|  0%| F|  |TAMS 0x00000000c1a00000, 0x00000000c1a00000| Untracked 
|   5|0x00000000c1b00000, 0x00000000c1b00000, 0x00000000c1c00000|  0%| F|  |TAMS 0x00000000c1b00000, 0x00000000c1b00000| Untracked 
|   6|0x00000000c1c00000, 0x00000000c1c00000, 0x00000000c1d00000|  0%| F|  |TAMS 0x00000000c1c00000, 0x00000000c1c00000| Untracked 
|   7|0x00000000c1d00000, 0x00000000c1d00000, 0x00000000c1e00000|  0%| F|  |TAMS 0x00000000c1d00000, 0x00000000c1d00000| Untracked 
|   8|0x00000000c1e00000, 0x00000000c1e00000, 0x00000000c1f00000|  0%| F|  |TAMS 0x00000000c1e00000, 0x00000000c1e00000| Untracked 
|   9|0x00000000c1f00000, 0x00000000c1f00000, 0x00000000c2000000|  0%| F|  |TAMS 0x00000000c1f00000, 0x00000000c1f00000| Untracked 
|  10|0x00000000c2000000, 0x00000000c2000000, 0x00000000c2100000|  0%| F|  |TAMS 0x00000000c2000000, 0x00000000c2000000| Untracked 
|  11|0x00000000c2100000, 0x00000000c2100000, 0x00000000c2200000|  0%| F|  |TAMS 0x00000000c2100000, 0x00000000c2100000| Untracked 
|  12|0x00000000c2200000, 0x00000000c2200000, 0x00000000c2300000|  0%| F|  |TAMS 0x00000000c2200000, 0x00000000c2200000| Untracked 
|  13|0x00000000c2300000, 0x00000000c2300000, 0x00000000c2400000|  0%| F|  |TAMS 0x00000000c2300000, 0x00000000c2300000| Untracked 
|  14|0x00000000c2400000, 0x00000000c2400000, 0x00000000c2500000|  0%| F|  |TAMS 0x00000000c2400000, 0x00000000c2400000| Untracked 
|  15|0x00000000c2500000, 0x00000000c2500000, 0x00000000c2600000|  0%| F|  |TAMS 0x00000000c2500000, 0x00000000c2500000| Untracked 
|  16|0x00000000c2600000, 0x00000000c2600000, 0x00000000c2700000|  0%| F|  |TAMS 0x00000000c2600000, 0x00000000c2600000| Untracked 
|  17|0x00000000c2700000, 0x00000000c2700000, 0x00000000c2800000|  0%| F|  |TAMS 0x00000000c2700000, 0x00000000c2700000| Untracked 
|  18|0x00000000c2800000, 0x00000000c2800000, 0x00000000c2900000|  0%| F|  |TAMS 0x00000000c2800000, 0x00000000c2800000| Untracked 
|  19|0x00000000c2900000, 0x00000000c2900000, 0x00000000c2a00000|  0%| F|  |TAMS 0x00000000c2900000, 0x00000000c2900000| Untracked 
|  20|0x00000000c2a00000, 0x00000000c2a00000, 0x00000000c2b00000|  0%| F|  |TAMS 0x00000000c2a00000, 0x00000000c2a00000| Untracked 
|  21|0x00000000c2b00000, 0x00000000c2b00000, 0x00000000c2c00000|  0%| F|  |TAMS 0x00000000c2b00000, 0x00000000c2b00000| Untracked 
|  22|0x00000000c2c00000, 0x00000000c2c00000, 0x00000000c2d00000|  0%| F|  |TAMS 0x00000000c2c00000, 0x00000000c2c00000| Untracked 
|  23|0x00000000c2d00000, 0x00000000c2d00000, 0x00000000c2e00000|  0%| F|  |TAMS 0x00000000c2d00000, 0x00000000c2d00000| Untracked 
|  24|0x00000000c2e00000, 0x00000000c2e00000, 0x00000000c2f00000|  0%| F|  |TAMS 0x00000000c2e00000, 0x00000000c2e00000| Untracked 
|  25|0x00000000c2f00000, 0x00000000c2f00000, 0x00000000c3000000|  0%| F|  |TAMS 0x00000000c2f00000, 0x00000000c2f00000| Untracked 
|  26|0x00000000c3000000, 0x00000000c3000000, 0x00000000c3100000|  0%| F|  |TAMS 0x00000000c3000000, 0x00000000c3000000| Untracked 
|  27|0x00000000c3100000, 0x00000000c3100000, 0x00000000c3200000|  0%| F|  |TAMS 0x00000000c3100000, 0x00000000c3100000| Untracked 
|  28|0x00000000c3200000, 0x00000000c3200000, 0x00000000c3300000|  0%| F|  |TAMS 0x00000000c3200000, 0x00000000c3200000| Untracked 
|  29|0x00000000c3300000, 0x00000000c3300000, 0x00000000c3400000|  0%| F|  |TAMS 0x00000000c3300000, 0x00000000c3300000| Untracked 
|  30|0x00000000c3400000, 0x00000000c3400000, 0x00000000c3500000|  0%| F|  |TAMS 0x00000000c3400000, 0x00000000c3400000| Untracked 
|  31|0x00000000c3500000, 0x00000000c3500000, 0x00000000c3600000|  0%| F|  |TAMS 0x00000000c3500000, 0x00000000c3500000| Untracked 
|  32|0x00000000c3600000, 0x00000000c3600000, 0x00000000c3700000|  0%| F|  |TAMS 0x00000000c3600000, 0x00000000c3600000| Untracked 
|  33|0x00000000c3700000, 0x00000000c3700000, 0x00000000c3800000|  0%| F|  |TAMS 0x00000000c3700000, 0x00000000c3700000| Untracked 
|  34|0x00000000c3800000, 0x00000000c3800000, 0x00000000c3900000|  0%| F|  |TAMS 0x00000000c3800000, 0x00000000c3800000| Untracked 
|  35|0x00000000c3900000, 0x00000000c3900000, 0x00000000c3a00000|  0%| F|  |TAMS 0x00000000c3900000, 0x00000000c3900000| Untracked 
|  36|0x00000000c3a00000, 0x00000000c3a00000, 0x00000000c3b00000|  0%| F|  |TAMS 0x00000000c3a00000, 0x00000000c3a00000| Untracked 
|  37|0x00000000c3b00000, 0x00000000c3b00000, 0x00000000c3c00000|  0%| F|  |TAMS 0x00000000c3b00000, 0x00000000c3b00000| Untracked 
|  38|0x00000000c3c00000, 0x00000000c3c00000, 0x00000000c3d00000|  0%| F|  |TAMS 0x00000000c3c00000, 0x00000000c3c00000| Untracked 
|  39|0x00000000c3d00000, 0x00000000c3d00000, 0x00000000c3e00000|  0%| F|  |TAMS 0x00000000c3d00000, 0x00000000c3d00000| Untracked 
|  40|0x00000000c3e00000, 0x00000000c3e00000, 0x00000000c3f00000|  0%| F|  |TAMS 0x00000000c3e00000, 0x00000000c3e00000| Untracked 
|  41|0x00000000c3f00000, 0x00000000c3f00000, 0x00000000c4000000|  0%| F|  |TAMS 0x00000000c3f00000, 0x00000000c3f00000| Untracked 
|  42|0x00000000c4000000, 0x00000000c4000000, 0x00000000c4100000|  0%| F|  |TAMS 0x00000000c4000000, 0x00000000c4000000| Untracked 
|  43|0x00000000c4100000, 0x00000000c4100000, 0x00000000c4200000|  0%| F|  |TAMS 0x00000000c4100000, 0x00000000c4100000| Untracked 
|  44|0x00000000c4200000, 0x00000000c4200000, 0x00000000c4300000|  0%| F|  |TAMS 0x00000000c4200000, 0x00000000c4200000| Untracked 
|  45|0x00000000c4300000, 0x00000000c4300000, 0x00000000c4400000|  0%| F|  |TAMS 0x00000000c4300000, 0x00000000c4300000| Untracked 
|  46|0x00000000c4400000, 0x00000000c4400000, 0x00000000c4500000|  0%| F|  |TAMS 0x00000000c4400000, 0x00000000c4400000| Untracked 
|  47|0x00000000c4500000, 0x00000000c4500000, 0x00000000c4600000|  0%| F|  |TAMS 0x00000000c4500000, 0x00000000c4500000| Untracked 
|  48|0x00000000c4600000, 0x00000000c4600000, 0x00000000c4700000|  0%| F|  |TAMS 0x00000000c4600000, 0x00000000c4600000| Untracked 
|  49|0x00000000c4700000, 0x00000000c4700000, 0x00000000c4800000|  0%| F|  |TAMS 0x00000000c4700000, 0x00000000c4700000| Untracked 
|  50|0x00000000c4800000, 0x00000000c4800000, 0x00000000c4900000|  0%| F|  |TAMS 0x00000000c4800000, 0x00000000c4800000| Untracked 
|  51|0x00000000c4900000, 0x00000000c4900000, 0x00000000c4a00000|  0%| F|  |TAMS 0x00000000c4900000, 0x00000000c4900000| Untracked 
|  52|0x00000000c4a00000, 0x00000000c4a00000, 0x00000000c4b00000|  0%| F|  |TAMS 0x00000000c4a00000, 0x00000000c4a00000| Untracked 
|  53|0x00000000c4b00000, 0x00000000c4b00000, 0x00000000c4c00000|  0%| F|  |TAMS 0x00000000c4b00000, 0x00000000c4b00000| Untracked 
|  54|0x00000000c4c00000, 0x00000000c4c00000, 0x00000000c4d00000|  0%| F|  |TAMS 0x00000000c4c00000, 0x00000000c4c00000| Untracked 
|  55|0x00000000c4d00000, 0x00000000c4dc8350, 0x00000000c4e00000| 78%| E|  |TAMS 0x00000000c4d00000, 0x00000000c4d00000| Complete 
|  56|0x00000000c4e00000, 0x00000000c4f00000, 0x00000000c4f00000|100%| E|CS|TAMS 0x00000000c4e00000, 0x00000000c4e00000| Complete 
|  57|0x00000000c4f00000, 0x00000000c5000000, 0x00000000c5000000|100%| E|CS|TAMS 0x00000000c4f00000, 0x00000000c4f00000| Complete 
|  58|0x00000000c5000000, 0x00000000c5100000, 0x00000000c5100000|100%| E|CS|TAMS 0x00000000c5000000, 0x00000000c5000000| Complete 
|  59|0x00000000c5100000, 0x00000000c5200000, 0x00000000c5200000|100%| E|CS|TAMS 0x00000000c5100000, 0x00000000c5100000| Complete 
|  60|0x00000000c5200000, 0x00000000c5300000, 0x00000000c5300000|100%| E|CS|TAMS 0x00000000c5200000, 0x00000000c5200000| Complete 
|  61|0x00000000c5300000, 0x00000000c5400000, 0x00000000c5400000|100%| E|CS|TAMS 0x00000000c5300000, 0x00000000c5300000| Complete 
|  62|0x00000000c5400000, 0x00000000c5500000, 0x00000000c5500000|100%| E|CS|TAMS 0x00000000c5400000, 0x00000000c5400000| Complete 
|  63|0x00000000c5500000, 0x00000000c5600000, 0x00000000c5600000|100%| E|CS|TAMS 0x00000000c5500000, 0x00000000c5500000| Complete 

Card table byte_map: [0x00000248aa6f0000,0x00000248aa8f0000] _byte_map_base: 0x00000248aa0e5000

Marking Bits (Prev, Next): (CMBitMap*) 0x0000024897f9e170, (CMBitMap*) 0x0000024897f9e1b0
 Prev Bits: [0x00000248aaaf0000, 0x00000248aba98000)
 Next Bits: [0x00000248abaa0000, 0x00000248aca48000)

Polling page: 0x0000024896120000

Metaspace:

Usage:
  Non-class:     13.63 MB used.
      Class:      1.54 MB used.
       Both:     15.17 MB used.

Virtual space:
  Non-class space:       16.00 MB reserved,      13.69 MB ( 86%) committed,  2 nodes.
      Class space:        1.00 GB reserved,       1.69 MB ( <1%) committed,  1 nodes.
              Both:        1.02 GB reserved,      15.38 MB (  1%) committed. 

Chunk freelists:
   Non-Class:  2.19 MB
       Class:  2.25 MB
        Both:  4.44 MB

MaxMetaspaceSize: 17179869184.00 GB
CompressedClassSpaceSize: 1.00 GB
 - commit_granule_bytes: 65536.
 - commit_granule_words: 8192.
 - virtual_space_node_default_size: 1048576.
 - enlarge_chunks_in_place: 1.
 - new_chunks_are_fully_committed: 0.
 - uncommit_free_chunks: 1.
 - use_allocation_guard: 0.
 - handle_deallocations: 1.


Internal statistics:

num_allocs_failed_limit: 0.
num_arena_births: 126.
num_arena_deaths: 0.
num_vsnodes_births: 3.
num_vsnodes_deaths: 0.
num_space_committed: 246.
num_space_uncommitted: 0.
num_chunks_returned_to_freelist: 0.
num_chunks_taken_from_freelist: 205.
num_chunk_merges: 0.
num_chunk_splits: 107.
num_chunks_enlarged: 45.
num_purges: 0.

CodeHeap 'non-profiled nmethods': size=120000Kb used=280Kb max_used=280Kb free=119719Kb
 bounds [0x00000248a2fc0000, 0x00000248a3230000, 0x00000248aa4f0000]
CodeHeap 'profiled nmethods': size=120000Kb used=1688Kb max_used=1688Kb free=118311Kb
 bounds [0x000002489ba90000, 0x000002489bd00000, 0x00000248a2fc0000]
CodeHeap 'non-nmethods': size=5760Kb used=1262Kb max_used=1277Kb free=4497Kb
 bounds [0x000002489b4f0000, 0x000002489b760000, 0x000002489ba90000]
 total_blobs=1639 nmethods=1059 adapters=493
 compilation: enabled
              stopped_count=0, restarted_count=0
 full_count=0

Compilation events (20 events):
Event: 7.418 Thread 0x00000248aef4ce80 nmethod 1051 0x00000248a3003410 code [0x00000248a30035a0, 0x00000248a3003658]
Event: 7.429 Thread 0x00000248aef4ce80 1052       4       java.util.Arrays::copyOfRange (64 bytes)
Event: 7.438 Thread 0x00000248aef4ce80 nmethod 1052 0x00000248a3003710 code [0x00000248a30038a0, 0x00000248a3003b18]
Event: 7.438 Thread 0x00000248aef4ce80 1053       4       java.lang.StringLatin1::newString (24 bytes)
Event: 7.451 Thread 0x00000248aef56740 1056       3       java.lang.StringUTF16::putChar (54 bytes)
Event: 7.452 Thread 0x00000248aef56740 nmethod 1056 0x000002489bc35f10 code [0x000002489bc360c0, 0x000002489bc36218]
Event: 7.455 Thread 0x00000248aef4ce80 nmethod 1053 0x00000248a3003c90 code [0x00000248a3003e20, 0x00000248a30041f8]
Event: 7.455 Thread 0x00000248aef4ce80 1055       4       java.io.ObjectInputStream$PeekInputStream::peek (49 bytes)
Event: 7.460 Thread 0x00000248aef4ce80 nmethod 1055 0x00000248a3004410 code [0x00000248a30045a0, 0x00000248a30046a8]
Event: 7.460 Thread 0x00000248aef4ce80 1054       4       java.io.FileInputStream::read (5 bytes)
Event: 7.462 Thread 0x00000248aef4ce80 nmethod 1054 0x00000248a3004810 code [0x00000248a30049a0, 0x00000248a3004a48]
Event: 7.474 Thread 0x00000248aef4ce80 1057       4       java.io.ObjectStreamClass$FieldReflector::setPrimFieldValues (329 bytes)
Event: 7.494 Thread 0x00000248aef4ce80 nmethod 1057 0x00000248a3004b10 code [0x00000248a3004ca0, 0x00000248a3005058]
Event: 7.494 Thread 0x00000248aef4ce80 1058       4       java.io.ObjectInputStream$BlockDataInputStream::peek (55 bytes)
Event: 7.500 Thread 0x00000248aef4ce80 nmethod 1058 0x00000248a3005390 code [0x00000248a3005520, 0x00000248a3005668]
Event: 7.515 Thread 0x00000248aef4ce80 1059       4       java.io.ObjectInputStream$HandleTable::assign (48 bytes)
Event: 7.527 Thread 0x00000248aef4ce80 nmethod 1059 0x00000248a3005810 code [0x00000248a30059a0, 0x00000248a3005c08]
Event: 7.527 Thread 0x00000248aef4ce80 1060       4       java.io.ObjectInputStream$HandleTable::finish (111 bytes)
Event: 7.542 Thread 0x00000248aef4ce80 nmethod 1060 0x00000248a3005d90 code [0x00000248a3005f20, 0x00000248a30060f8]
Event: 7.542 Thread 0x00000248aef4ce80 1061       4       java.io.ObjectStreamClass$FieldReflector::setObjFieldValues (259 bytes)

GC Heap History (0 events):
No events

Deoptimization events (20 events):
Event: 1.958 Thread 0x0000024897f6ef40 Uncommon trap: trap_request=0xffffff45 fr.pc=0x00000248a2fe0900 relative=0x0000000000000440
Event: 1.958 Thread 0x0000024897f6ef40 Uncommon trap: reason=unstable_if action=reinterpret pc=0x00000248a2fe0900 method=java.lang.StringLatin1.replace([BCC)Ljava/lang/String; @ 19 c2
Event: 1.958 Thread 0x0000024897f6ef40 DEOPT PACKING pc=0x00000248a2fe0900 sp=0x000000f13e6fe5c0
Event: 1.958 Thread 0x0000024897f6ef40 DEOPT UNPACKING pc=0x000002489b53d72e sp=0x000000f13e6fe540 mode 2
Event: 6.891 Thread 0x00000248aff04020 Uncommon trap: trap_request=0xffffffde fr.pc=0x00000248a2ffa354 relative=0x0000000000000294
Event: 6.891 Thread 0x00000248aff04020 Uncommon trap: reason=class_check action=maybe_recompile pc=0x00000248a2ffa354 method=java.util.HashMap.getNode(Ljava/lang/Object;)Ljava/util/HashMap$Node; @ 128 c2
Event: 6.891 Thread 0x00000248aff04020 DEOPT PACKING pc=0x00000248a2ffa354 sp=0x000000f13fdfd990
Event: 6.891 Thread 0x00000248aff04020 DEOPT UNPACKING pc=0x000002489b53d72e sp=0x000000f13fdfd8f8 mode 2
Event: 6.892 Thread 0x00000248aff04020 Uncommon trap: trap_request=0xffffffde fr.pc=0x00000248a2ffa354 relative=0x0000000000000294
Event: 6.892 Thread 0x00000248aff04020 Uncommon trap: reason=class_check action=maybe_recompile pc=0x00000248a2ffa354 method=java.util.HashMap.getNode(Ljava/lang/Object;)Ljava/util/HashMap$Node; @ 128 c2
Event: 6.892 Thread 0x00000248aff04020 DEOPT PACKING pc=0x00000248a2ffa354 sp=0x000000f13fdfd990
Event: 6.892 Thread 0x00000248aff04020 DEOPT UNPACKING pc=0x000002489b53d72e sp=0x000000f13fdfd8f8 mode 2
Event: 6.892 Thread 0x00000248aff04020 Uncommon trap: trap_request=0xffffffde fr.pc=0x00000248a2ffa354 relative=0x0000000000000294
Event: 6.892 Thread 0x00000248aff04020 Uncommon trap: reason=class_check action=maybe_recompile pc=0x00000248a2ffa354 method=java.util.HashMap.getNode(Ljava/lang/Object;)Ljava/util/HashMap$Node; @ 128 c2
Event: 6.892 Thread 0x00000248aff04020 DEOPT PACKING pc=0x00000248a2ffa354 sp=0x000000f13fdfd990
Event: 6.892 Thread 0x00000248aff04020 DEOPT UNPACKING pc=0x000002489b53d72e sp=0x000000f13fdfd8f8 mode 2
Event: 6.893 Thread 0x00000248aff04020 Uncommon trap: trap_request=0xffffffde fr.pc=0x00000248a2ffa354 relative=0x0000000000000294
Event: 6.893 Thread 0x00000248aff04020 Uncommon trap: reason=class_check action=maybe_recompile pc=0x00000248a2ffa354 method=java.util.HashMap.getNode(Ljava/lang/Object;)Ljava/util/HashMap$Node; @ 128 c2
Event: 6.893 Thread 0x00000248aff04020 DEOPT PACKING pc=0x00000248a2ffa354 sp=0x000000f13fdfd990
Event: 6.893 Thread 0x00000248aff04020 DEOPT UNPACKING pc=0x000002489b53d72e sp=0x000000f13fdfd8f8 mode 2

Classes unloaded (0 events):
No events

Classes redefined (0 events):
No events

Internal exceptions (13 events):
Event: 0.958 Thread 0x0000024897f6ef40 Exception <a 'java/lang/NoSuchMethodError'{0x00000000c5466660}: 'void java.lang.invoke.DirectMethodHandle$Holder.invokeSpecial(java.lang.Object, java.lang.Object, java.lang.Object)'> (0x00000000c5466660) 
thrown [t:\workspace\open\src\hotspot\share\interpreter\linkResolver.cpp, line 790]
Event: 1.046 Thread 0x0000024897f6ef40 Exception <a 'java/lang/ClassNotFoundException'{0x00000000c5480070}: sun/awt/resources/spi/awtProvider> (0x00000000c5480070) 
thrown [t:\workspace\open\src\hotspot\share\classfile\systemDictionary.cpp, line 256]
Event: 1.252 Thread 0x0000024897f6ef40 Exception <a 'java/io/FileNotFoundException'{0x00000000c54d4648}> (0x00000000c54d4648) 
thrown [t:\workspace\open\src\hotspot\share\prims\jni.cpp, line 579]
Event: 1.284 Thread 0x0000024897f6ef40 Exception <a 'java/io/FileNotFoundException'{0x00000000c5303460}> (0x00000000c5303460) 
thrown [t:\workspace\open\src\hotspot\share\prims\jni.cpp, line 579]
Event: 1.286 Thread 0x0000024897f6ef40 Exception <a 'java/lang/NoSuchMethodError'{0x00000000c5304718}: 'java.lang.Object java.lang.invoke.DirectMethodHandle$Holder.invokeStatic(java.lang.Object)'> (0x00000000c5304718) 
thrown [t:\workspace\open\src\hotspot\share\interpreter\linkResolver.cpp, line 790]
Event: 1.439 Thread 0x0000024897f6ef40 Exception <a 'java/lang/NoSuchMethodError'{0x00000000c534c068}: 'java.lang.Object java.lang.invoke.DirectMethodHandle$Holder.invokeStaticInit(java.lang.Object)'> (0x00000000c534c068) 
thrown [t:\workspace\open\src\hotspot\share\interpreter\linkResolver.cpp, line 790]
Event: 1.603 Thread 0x0000024897f6ef40 Exception <a 'java/lang/NoSuchMethodError'{0x00000000c5200130}: 'java.lang.Object java.lang.invoke.DirectMethodHandle$Holder.newInvokeSpecial(java.lang.Object, java.lang.Object, java.lang.Object, java.lang.Object, java.lang.Object)'> (0x00000000c5200130) 
thrown [t:\workspace\open\src\hotspot\share\interpreter\linkResolver.cpp, line 790]
Event: 1.608 Thread 0x0000024897f6ef40 Exception <a 'java/lang/NoSuchMethodError'{0x00000000c520be80}: 'java.lang.Object java.lang.invoke.DirectMethodHandle$Holder.invokeStatic(java.lang.Object, int, java.lang.Object, java.lang.Object, java.lang.Object, java.lang.Object)'> (0x00000000c520be80) 
thrown [t:\workspace\open\src\hotspot\share\interpreter\linkResolver.cpp, line 790]
Event: 1.623 Thread 0x0000024897f6ef40 Exception <a 'java/lang/NoSuchMethodError'{0x00000000c5231f48}: 'java.lang.Object java.lang.invoke.DirectMethodHandle$Holder.invokeStatic(java.lang.Object, int, java.lang.Object)'> (0x00000000c5231f48) 
thrown [t:\workspace\open\src\hotspot\share\interpreter\linkResolver.cpp, line 790]
Event: 1.707 Thread 0x0000024897f6ef40 Exception <a 'java/lang/ClassNotFoundException'{0x00000000c52ea1d0}: com/sun/swing/internal/plaf/metal/resources/spi/metalProvider> (0x00000000c52ea1d0) 
thrown [t:\workspace\open\src\hotspot\share\classfile\systemDictionary.cpp, line 256]
Event: 1.710 Thread 0x0000024897f6ef40 Exception <a 'java/lang/ClassNotFoundException'{0x00000000c52ee3a0}: com/sun/swing/internal/plaf/basic/resources/spi/basicProvider> (0x00000000c52ee3a0) 
thrown [t:\workspace\open\src\hotspot\share\classfile\systemDictionary.cpp, line 256]
Event: 1.835 Thread 0x0000024897f6ef40 Exception <a 'java/lang/NoSuchMethodError'{0x00000000c51313a8}: 'void java.lang.invoke.DirectMethodHandle$Holder.invokeStaticInit(java.lang.Object)'> (0x00000000c51313a8) 
thrown [t:\workspace\open\src\hotspot\share\interpreter\linkResolver.cpp, line 790]
Event: 2.011 Thread 0x00000248afe82390 Exception <a 'java/lang/NoSuchMethodError'{0x00000000c5396100}: 'void java.lang.invoke.DirectMethodHandle$Holder.invokeVirtual(java.lang.Object, java.lang.Object)'> (0x00000000c5396100) 
thrown [t:\workspace\open\src\hotspot\share\interpreter\linkResolver.cpp, line 790]

Events (20 events):
Event: 7.096 loading class javax/swing/plaf/basic/BasicScrollBarUI$ScrollListener
Event: 7.096 loading class javax/swing/plaf/basic/BasicScrollBarUI$ScrollListener done
Event: 7.101 loading class javax/swing/JViewport$ViewListener
Event: 7.101 loading class java/awt/event/ComponentAdapter
Event: 7.101 loading class java/awt/event/ComponentAdapter done
Event: 7.101 loading class javax/swing/JViewport$ViewListener done
Event: 7.102 loading class javax/swing/plaf/metal/MetalScrollPaneUI
Event: 7.102 loading class javax/swing/plaf/basic/BasicScrollPaneUI
Event: 7.103 loading class javax/swing/plaf/ScrollPaneUI
Event: 7.103 loading class javax/swing/plaf/ScrollPaneUI done
Event: 7.104 loading class javax/swing/plaf/basic/BasicScrollPaneUI done
Event: 7.104 loading class javax/swing/plaf/metal/MetalScrollPaneUI done
Event: 7.104 loading class javax/swing/plaf/metal/MetalBorders$ScrollPaneBorder
Event: 7.104 loading class javax/swing/plaf/metal/MetalBorders$ScrollPaneBorder done
Event: 7.105 loading class javax/swing/plaf/basic/BasicScrollPaneUI$Handler
Event: 7.105 loading class javax/swing/plaf/basic/BasicScrollPaneUI$Handler done
Event: 7.106 loading class javax/swing/plaf/metal/MetalScrollPaneUI$1
Event: 7.106 loading class javax/swing/plaf/metal/MetalScrollPaneUI$1 done
Event: 7.108 loading class javax/swing/JLayer
Event: 7.109 loading class javax/swing/JLayer done


Dynamic libraries:
0x00007ff60f180000 - 0x00007ff60f18e000 	C:\Users\vasio\.p2\pool\plugins\org.eclipse.justj.openjdk.hotspot.jre.full.win32.x86_64_16.0.2.v20210721-1149\jre\bin\javaw.exe
0x00007ffd567f0000 - 0x00007ffd569e5000 	C:\WINDOWS\SYSTEM32\ntdll.dll
0x00007ffd4e180000 - 0x00007ffd4e196000 	C:\Program Files\AVG\Antivirus\aswhook.dll
0x00007ffd56330000 - 0x00007ffd563ed000 	C:\WINDOWS\System32\KERNEL32.DLL
0x00007ffd541a0000 - 0x00007ffd5446d000 	C:\WINDOWS\System32\KERNELBASE.dll
0x00007ffd53fb0000 - 0x00007ffd540b0000 	C:\WINDOWS\System32\ucrtbase.dll
0x00007ffd4f6d0000 - 0x00007ffd4f6e8000 	C:\Users\vasio\.p2\pool\plugins\org.eclipse.justj.openjdk.hotspot.jre.full.win32.x86_64_16.0.2.v20210721-1149\jre\bin\jli.dll
0x00007ffd55030000 - 0x00007ffd551d0000 	C:\WINDOWS\System32\USER32.dll
0x00007ffd54170000 - 0x00007ffd54192000 	C:\WINDOWS\System32\win32u.dll
0x00007ffd54840000 - 0x00007ffd5486a000 	C:\WINDOWS\System32\GDI32.dll
0x00007ffd54470000 - 0x00007ffd5457b000 	C:\WINDOWS\System32\gdi32full.dll
0x00007ffd546e0000 - 0x00007ffd5477d000 	C:\WINDOWS\System32\msvcp_win.dll
0x00007ffd4f6b0000 - 0x00007ffd4f6c9000 	C:\Users\vasio\.p2\pool\plugins\org.eclipse.justj.openjdk.hotspot.jre.full.win32.x86_64_16.0.2.v20210721-1149\jre\bin\VCRUNTIME140.dll
0x00007ffd448e0000 - 0x00007ffd44b7a000 	C:\WINDOWS\WinSxS\amd64_microsoft.windows.common-controls_6595b64144ccf1df_6.0.19041.1110_none_60b5254171f9507e\COMCTL32.dll
0x00007ffd548d0000 - 0x00007ffd5496e000 	C:\WINDOWS\System32\msvcrt.dll
0x00007ffd551d0000 - 0x00007ffd55200000 	C:\WINDOWS\System32\IMM32.DLL
0x00007ffd4de40000 - 0x00007ffd4de4c000 	C:\Users\vasio\.p2\pool\plugins\org.eclipse.justj.openjdk.hotspot.jre.full.win32.x86_64_16.0.2.v20210721-1149\jre\bin\vcruntime140_1.dll
0x00007ffd3b490000 - 0x00007ffd3b521000 	C:\Users\vasio\.p2\pool\plugins\org.eclipse.justj.openjdk.hotspot.jre.full.win32.x86_64_16.0.2.v20210721-1149\jre\bin\msvcp140.dll
0x00007ffd032d0000 - 0x00007ffd03e7b000 	C:\Users\vasio\.p2\pool\plugins\org.eclipse.justj.openjdk.hotspot.jre.full.win32.x86_64_16.0.2.v20210721-1149\jre\bin\server\jvm.dll
0x00007ffd54dc0000 - 0x00007ffd54e6e000 	C:\WINDOWS\System32\ADVAPI32.dll
0x00007ffd54b20000 - 0x00007ffd54bbc000 	C:\WINDOWS\System32\sechost.dll
0x00007ffd559b0000 - 0x00007ffd55ad5000 	C:\WINDOWS\System32\RPCRT4.dll
0x00007ffd561a0000 - 0x00007ffd561a8000 	C:\WINDOWS\System32\PSAPI.DLL
0x00007ffd52680000 - 0x00007ffd52689000 	C:\WINDOWS\SYSTEM32\WSOCK32.dll
0x00007ffd56130000 - 0x00007ffd5619b000 	C:\WINDOWS\System32\WS2_32.dll
0x00007ffd40fd0000 - 0x00007ffd40ff7000 	C:\WINDOWS\SYSTEM32\WINMM.dll
0x00007ffd4b320000 - 0x00007ffd4b32a000 	C:\WINDOWS\SYSTEM32\VERSION.dll
0x00007ffd527e0000 - 0x00007ffd527f2000 	C:\WINDOWS\SYSTEM32\kernel.appcore.dll
0x00007ffd4e3a0000 - 0x00007ffd4e3aa000 	C:\Users\vasio\.p2\pool\plugins\org.eclipse.justj.openjdk.hotspot.jre.full.win32.x86_64_16.0.2.v20210721-1149\jre\bin\jimage.dll
0x00007ffd51cc0000 - 0x00007ffd51ea4000 	C:\WINDOWS\SYSTEM32\DBGHELP.DLL
0x00007ffd46250000 - 0x00007ffd4627c000 	C:\WINDOWS\SYSTEM32\dbgcore.DLL
0x00007ffd540e0000 - 0x00007ffd54162000 	C:\WINDOWS\System32\bcryptPrimitives.dll
0x00007ffd3fcb0000 - 0x00007ffd3fcd5000 	C:\Users\vasio\.p2\pool\plugins\org.eclipse.justj.openjdk.hotspot.jre.full.win32.x86_64_16.0.2.v20210721-1149\jre\bin\java.dll
0x00007ffd42970000 - 0x00007ffd42988000 	C:\Users\vasio\.p2\pool\plugins\org.eclipse.justj.openjdk.hotspot.jre.full.win32.x86_64_16.0.2.v20210721-1149\jre\bin\zip.dll
0x00007ffd55260000 - 0x00007ffd559a4000 	C:\WINDOWS\System32\SHELL32.dll
0x00007ffd51eb0000 - 0x00007ffd52644000 	C:\WINDOWS\SYSTEM32\windows.storage.dll
0x00007ffd563f0000 - 0x00007ffd56744000 	C:\WINDOWS\System32\combase.dll
0x00007ffd53960000 - 0x00007ffd5398c000 	C:\WINDOWS\SYSTEM32\Wldp.dll
0x00007ffd56280000 - 0x00007ffd5632d000 	C:\WINDOWS\System32\SHCORE.dll
0x00007ffd56750000 - 0x00007ffd567a5000 	C:\WINDOWS\System32\shlwapi.dll
0x00007ffd53e40000 - 0x00007ffd53e5f000 	C:\WINDOWS\SYSTEM32\profapi.dll
0x00007ffd23050000 - 0x00007ffd231cf000 	C:\Users\vasio\.p2\pool\plugins\org.eclipse.justj.openjdk.hotspot.jre.full.win32.x86_64_16.0.2.v20210721-1149\jre\bin\awt.dll
0x00007ffd561b0000 - 0x00007ffd5627d000 	C:\WINDOWS\System32\OLEAUT32.dll
0x00007ffd51360000 - 0x00007ffd513f0000 	C:\WINDOWS\SYSTEM32\apphelp.dll
0x00007ffd51730000 - 0x00007ffd5175f000 	C:\WINDOWS\system32\DWMAPI.DLL
0x00007ffd514c0000 - 0x00007ffd5155e000 	C:\WINDOWS\system32\uxtheme.dll
0x00007ffd2b880000 - 0x00007ffd2b9a6000 	C:\WINDOWS\system32\opengl32.dll
0x00007ffd2b850000 - 0x00007ffd2b87c000 	C:\WINDOWS\SYSTEM32\GLU32.dll
0x00007ffd56010000 - 0x00007ffd56125000 	C:\WINDOWS\System32\MSCTF.dll
0x00007ffd54e70000 - 0x00007ffd54f9a000 	C:\WINDOWS\System32\ole32.dll
0x00007ffd3b400000 - 0x00007ffd3b489000 	C:\Users\vasio\.p2\pool\plugins\org.eclipse.justj.openjdk.hotspot.jre.full.win32.x86_64_16.0.2.v20210721-1149\jre\bin\freetype.dll
0x00007ffd22f50000 - 0x00007ffd23046000 	C:\Users\vasio\.p2\pool\plugins\org.eclipse.justj.openjdk.hotspot.jre.full.win32.x86_64_16.0.2.v20210721-1149\jre\bin\harfbuzz.dll
0x00007ffd429b0000 - 0x00007ffd429c2000 	C:\Users\vasio\.p2\pool\plugins\org.eclipse.justj.openjdk.hotspot.jre.full.win32.x86_64_16.0.2.v20210721-1149\jre\bin\fontmanager.dll
0x00007ffd481e0000 - 0x00007ffd482d9000 	C:\WINDOWS\SYSTEM32\textinputframework.dll
0x00007ffd51050000 - 0x00007ffd51142000 	C:\WINDOWS\System32\CoreMessaging.dll
0x00007ffd50cf0000 - 0x00007ffd5104e000 	C:\WINDOWS\System32\CoreUIComponents.dll
0x00007ffd52c00000 - 0x00007ffd52c33000 	C:\WINDOWS\SYSTEM32\ntmarta.dll
0x00007ffd4f850000 - 0x00007ffd4f9a4000 	C:\WINDOWS\SYSTEM32\wintypes.dll
0x00007ffd3fc90000 - 0x00007ffd3fca9000 	C:\Users\vasio\.p2\pool\plugins\org.eclipse.justj.openjdk.hotspot.jre.full.win32.x86_64_16.0.2.v20210721-1149\jre\bin\net.dll
0x00007ffd44bd0000 - 0x00007ffd44cda000 	C:\WINDOWS\SYSTEM32\WINHTTP.dll
0x00007ffd536c0000 - 0x00007ffd5372a000 	C:\WINDOWS\system32\mswsock.dll
0x00007ffd3fc40000 - 0x00007ffd3fc53000 	C:\Users\vasio\.p2\pool\plugins\org.eclipse.justj.openjdk.hotspot.jre.full.win32.x86_64_16.0.2.v20210721-1149\jre\bin\nio.dll
0x00007ffd55f60000 - 0x00007ffd56009000 	C:\WINDOWS\System32\clbcatq.dll
0x00007ffd4d290000 - 0x00007ffd4d444000 	C:\WINDOWS\SYSTEM32\WindowsCodecs.dll
0x00007ffd540b0000 - 0x00007ffd540d7000 	C:\WINDOWS\System32\bcrypt.dll
0x00007ffd2ab30000 - 0x00007ffd2ab6e000 	C:\WINDOWS\system32\dataexchange.dll
0x00007ffd4f9b0000 - 0x00007ffd4fc14000 	C:\WINDOWS\system32\d3d11.dll
0x00007ffd50780000 - 0x00007ffd50965000 	C:\WINDOWS\system32\dcomp.dll
0x00007ffd52800000 - 0x00007ffd528f3000 	C:\WINDOWS\system32\dxgi.dll
0x00007ffd4d450000 - 0x00007ffd4d651000 	C:\WINDOWS\system32\twinapi.appcore.dll
0x00007ffd44d90000 - 0x00007ffd44e3c000 	C:\WINDOWS\SYSTEM32\TextShaping.dll

dbghelp: loaded successfully - version: 4.0.5 - missing functions: none
symbol engine: initialized successfully - sym options: 0x614 - pdb path: .;C:\Users\vasio\.p2\pool\plugins\org.eclipse.justj.openjdk.hotspot.jre.full.win32.x86_64_16.0.2.v20210721-1149\jre\bin;C:\WINDOWS\SYSTEM32;C:\Program Files\AVG\Antivirus;C:\WINDOWS\WinSxS\amd64_microsoft.windows.common-controls_6595b64144ccf1df_6.0.19041.1110_none_60b5254171f9507e;C:\Users\vasio\.p2\pool\plugins\org.eclipse.justj.openjdk.hotspot.jre.full.win32.x86_64_16.0.2.v20210721-1149\jre\bin\server

VM Arguments:
jvm_args: -Dfile.encoding=Cp1252 -XX:+ShowCodeDetailsInExceptionMessages 
java_command: default_pack.MainClass
java_class_path (initial): C:\Users\vasio\eclipse-workspace\Glovo\bin
Launcher Type: SUN_STANDARD

[Global flags]
     intx CICompilerCount                          = 3                                         {product} {ergonomic}
     uint ConcGCThreads                            = 1                                         {product} {ergonomic}
     uint G1ConcRefinementThreads                  = 4                                         {product} {ergonomic}
   size_t G1HeapRegionSize                         = 1048576                                   {product} {ergonomic}
    uintx GCDrainStackTargetSize                   = 64                                        {product} {ergonomic}
   size_t InitialHeapSize                          = 67108864                                  {product} {ergonomic}
   size_t MarkStackSize                            = 4194304                                   {product} {ergonomic}
   size_t MaxHeapSize                              = 1050673152                                {product} {ergonomic}
   size_t MaxNewSize                               = 630194176                                 {product} {ergonomic}
   size_t MinHeapDeltaBytes                        = 1048576                                   {product} {ergonomic}
   size_t MinHeapSize                              = 8388608                                   {product} {ergonomic}
    uintx NonNMethodCodeHeapSize                   = 5832780                                {pd product} {ergonomic}
    uintx NonProfiledCodeHeapSize                  = 122912730                              {pd product} {ergonomic}
    uintx ProfiledCodeHeapSize                     = 122912730                              {pd product} {ergonomic}
    uintx ReservedCodeCacheSize                    = 251658240                              {pd product} {ergonomic}
     bool SegmentedCodeCache                       = true                                      {product} {ergonomic}
     bool ShowCodeDetailsInExceptionMessages       = true                                   {manageable} {command line}
   size_t SoftMaxHeapSize                          = 1050673152                             {manageable} {ergonomic}
     bool UseCompressedClassPointers               = true                           {product lp64_product} {ergonomic}
     bool UseCompressedOops                        = true                           {product lp64_product} {ergonomic}
     bool UseG1GC                                  = true                                      {product} {ergonomic}
     bool UseLargePagesIndividualAllocation        = false                                  {pd product} {ergonomic}

Logging:
Log output configuration:
 #0: stdout all=warning uptime,level,tags
 #1: stderr all=off uptime,level,tags

Environment Variables:
PATH=C:/Users/vasio/.p2/pool/plugins/org.eclipse.justj.openjdk.hotspot.jre.full.win32.x86_64_16.0.2.v20210721-1149/jre/bin/server;C:/Users/vasio/.p2/pool/plugins/org.eclipse.justj.openjdk.hotspot.jre.full.win32.x86_64_16.0.2.v20210721-1149/jre/bin;C:\Windows\system32;C:\Windows;C:\Windows\System32\Wbem;C:\Windows\System32\WindowsPowerShell\v1.0\;C:\Windows\System32\OpenSSH\;C:\Program Files (x86)\NVIDIA Corporation\PhysX\Common;C:\Program Files\NVIDIA Corporation\NVIDIA NvDLISR;C:\WINDOWS\system32;C:\WINDOWS;C:\WINDOWS\System32\Wbem;C:\WINDOWS\System32\WindowsPowerShell\v1.0\;C:\WINDOWS\System32\OpenSSH\;B:\git\Git\cmd;C:\PROGRA~2\Aldec\ACTIVE~1.3\BIN;B:\psn\parking\bin;b:\psn\parking lot\BIN;C:\Users\vasio\.p2\pool\plugins\org.eclipse.justj.openjdk.hotspot.jre.full.win32.x86_64_16.0.2.v20210721-1149\jre\bin;C:\Users\vasio\AppData\Local\Microsoft\WindowsApps;C:\MinGW\bin;;C:\Users\vasio\Desktop;
USERNAME=vasio
OS=Windows_NT
PROCESSOR_IDENTIFIER=Intel64 Family 6 Model 69 Stepping 1, GenuineIntel



---------------  S Y S T E M  ---------------

OS:
 Windows 10 , 64 bit Build 19041 (10.0.19041.1706)
OS uptime: 1 days 14:51 hours

CPU: total 4 (initial active 4) (2 cores per cpu, 2 threads per core) family 6 model 69 stepping 1 microcode 0x25, cx8, cmov, fxsr, ht, mmx, sse, sse2, sse3, ssse3, sse4.1, sse4.2, popcnt, lzcnt, tsc, tscinvbit, avx, avx2, aes, erms, clmul, bmi1, bmi2, fma, vzeroupper, clflush

Memory: 4k page, system-wide physical 4000M (328M free)
TotalPageFile size 15666M (AvailPageFile size 0M)
current process WorkingSet (physical memory assigned to process): 70M, peak: 70M
current process commit charge ("private bytes"): 147M, peak: 147M

vm_info: OpenJDK 64-Bit Server VM (16.0.2+7-67) for windows-amd64 JRE (16.0.2+7-67), built on Jun  8 2021 23:21:43 by "mach5one" with MS VC++ 16.7 (VS2019)

END.
