#
# There is insufficient memory for the Java Runtime Environment to continue.
# Native memory allocation (mmap) failed to map 67108864 bytes for G1 virtual space
# Possible reasons:
#   The system is out of physical RAM or swap space
#   The process is running with CompressedOops enabled, and the Java Heap may be blocking the growth of the native heap
# Possible solutions:
#   Reduce memory load on the system
#   Increase physical memory or swap space
#   Check if swap backing store is full
#   Decrease Java heap size (-Xmx/-Xms)
#   Decrease number of Java threads
#   Decrease Java thread stack sizes (-Xss)
#   Set larger code cache with -XX:ReservedCodeCacheSize=
#   JVM is running with Unscaled Compressed Oops mode in which the Java heap is
#     placed in the first 4GB address space. The Java Heap base address is the
#     maximum limit for the native heap growth. Please use -XX:HeapBaseMinAddress
#     to set the Java Heap base and to place the Java Heap above 4GB virtual address.
# This output file may be truncated or incomplete.
#
#  Out of Memory Error (os_windows.cpp:3466), pid=17780, tid=15144
#
# JRE version:  (16.0.2+7) (build )
# Java VM: OpenJDK 64-Bit Server VM (16.0.2+7-67, mixed mode, sharing, tiered, compressed oops, compressed class ptrs, g1 gc, windows-amd64)
# No core dump will be written. Minidumps are not enabled by default on client versions of Windows
#

---------------  S U M M A R Y ------------

Command Line: -Dfile.encoding=Cp1252 -XX:+ShowCodeDetailsInExceptionMessages default_pack.MainClass

Host: Intel(R) Core(TM) i3-4005U CPU @ 1.70GHz, 4 cores, 3G,  Windows 10 , 64 bit Build 19041 (10.0.19041.1706)
Time: Fri May 20 05:41:55 2022 GTB Daylight Time elapsed time: 0.104629 seconds (0d 0h 0m 0s)

---------------  T H R E A D  ---------------

Current thread (0x000002b81311ef40):  JavaThread "Unknown thread" [_thread_in_vm, id=15144, stack(0x000000da01a00000,0x000000da01b00000)]

Stack: [0x000000da01a00000,0x000000da01b00000]
Native frames: (J=compiled Java code, j=interpreted, Vv=VM code, C=native code)
V  [jvm.dll+0x6681ca]
V  [jvm.dll+0x7c9e69]
V  [jvm.dll+0x7cb61e]
V  [jvm.dll+0x7cbc73]
V  [jvm.dll+0x242c55]
V  [jvm.dll+0x664f89]
V  [jvm.dll+0x659b75]
V  [jvm.dll+0x2fbfbb]
V  [jvm.dll+0x3031b6]
V  [jvm.dll+0x35299e]
V  [jvm.dll+0x352bcf]
V  [jvm.dll+0x2d3028]
V  [jvm.dll+0x2d4264]
V  [jvm.dll+0x79c741]
V  [jvm.dll+0x360791]
V  [jvm.dll+0x77a3f0]
V  [jvm.dll+0x3e4e8f]
V  [jvm.dll+0x3e6961]
C  [jli.dll+0x52fb]
C  [ucrtbase.dll+0x21bb2]
C  [KERNEL32.DLL+0x17034]
C  [ntdll.dll+0x52651]


---------------  P R O C E S S  ---------------

Threads class SMR info:
_java_thread_list=0x00007ffd03ddcbb8, length=0, elements={
}

Java Threads: ( => current thread )

Other Threads:
  0x000002b81314da80 GCTaskThread "GC Thread#0" [stack: 0x000000da01b00000,0x000000da01c00000] [id=14680]
  0x000002b813156900 ConcurrentGCThread "G1 Main Marker" [stack: 0x000000da01c00000,0x000000da01d00000] [id=17904]
  0x000002b813158610 ConcurrentGCThread "G1 Conc#0" [stack: 0x000000da01d00000,0x000000da01e00000] [id=17776]

[error occurred during error reporting (printing all threads), id 0xc0000005, EXCEPTION_ACCESS_VIOLATION (0xc0000005) at pc=0x00007ffd035b3ee7]

VM state: not at safepoint (not fully initialized)

VM Mutex/Monitor currently owned by a thread:  ([mutex/lock_event])
[0x000002b81311ae40] Heap_lock - owner thread: 0x000002b81311ef40

Heap address: 0x00000000c1600000, size: 1002 MB, Compressed Oops mode: 32-bit

CDS archive(s) mapped at: [0x0000000000000000-0x0000000000000000-0x0000000000000000), size 0, SharedBaseAddress: 0x0000000800000000, ArchiveRelocationMode: 0.
Narrow klass base: 0x0000000000000000, Narrow klass shift: 0, Narrow klass range: 0x0

GC Precious Log:
<Empty>

Heap:
 garbage-first heap   total 0K, used 0K [0x00000000c1600000, 0x0000000100000000)
  region size 1024K, 0 young (0K), 0 survivors (0K)

[error occurred during error reporting (printing heap information), id 0xc0000005, EXCEPTION_ACCESS_VIOLATION (0xc0000005) at pc=0x00007ffd03991eed]

GC Heap History (0 events):
No events

Deoptimization events (0 events):
No events

Classes unloaded (0 events):
No events

Classes redefined (0 events):
No events

Internal exceptions (0 events):
No events

Events (1 events):
Event: 0.040 Loaded shared library C:\Users\vasio\.p2\pool\plugins\org.eclipse.justj.openjdk.hotspot.jre.full.win32.x86_64_16.0.2.v20210721-1149\jre\bin\java.dll


Dynamic libraries:
0x00007ff60f180000 - 0x00007ff60f18e000 	C:\Users\vasio\.p2\pool\plugins\org.eclipse.justj.openjdk.hotspot.jre.full.win32.x86_64_16.0.2.v20210721-1149\jre\bin\javaw.exe
0x00007ffd567f0000 - 0x00007ffd569e5000 	C:\WINDOWS\SYSTEM32\ntdll.dll
0x00007ffd4e180000 - 0x00007ffd4e196000 	C:\Program Files\AVG\Antivirus\aswhook.dll
0x00007ffd56330000 - 0x00007ffd563ed000 	C:\WINDOWS\System32\KERNEL32.DLL
0x00007ffd541a0000 - 0x00007ffd5446d000 	C:\WINDOWS\System32\KERNELBASE.dll
0x00007ffd53fb0000 - 0x00007ffd540b0000 	C:\WINDOWS\System32\ucrtbase.dll
0x00007ffd4f6d0000 - 0x00007ffd4f6e8000 	C:\Users\vasio\.p2\pool\plugins\org.eclipse.justj.openjdk.hotspot.jre.full.win32.x86_64_16.0.2.v20210721-1149\jre\bin\jli.dll
0x00007ffd55030000 - 0x00007ffd551d0000 	C:\WINDOWS\System32\USER32.dll
0x00007ffd54170000 - 0x00007ffd54192000 	C:\WINDOWS\System32\win32u.dll
0x00007ffd54840000 - 0x00007ffd5486a000 	C:\WINDOWS\System32\GDI32.dll
0x00007ffd54470000 - 0x00007ffd5457b000 	C:\WINDOWS\System32\gdi32full.dll
0x00007ffd546e0000 - 0x00007ffd5477d000 	C:\WINDOWS\System32\msvcp_win.dll
0x00007ffd4f6b0000 - 0x00007ffd4f6c9000 	C:\Users\vasio\.p2\pool\plugins\org.eclipse.justj.openjdk.hotspot.jre.full.win32.x86_64_16.0.2.v20210721-1149\jre\bin\VCRUNTIME140.dll
0x00007ffd448e0000 - 0x00007ffd44b7a000 	C:\WINDOWS\WinSxS\amd64_microsoft.windows.common-controls_6595b64144ccf1df_6.0.19041.1110_none_60b5254171f9507e\COMCTL32.dll
0x00007ffd548d0000 - 0x00007ffd5496e000 	C:\WINDOWS\System32\msvcrt.dll
0x00007ffd551d0000 - 0x00007ffd55200000 	C:\WINDOWS\System32\IMM32.DLL
0x00007ffd4de40000 - 0x00007ffd4de4c000 	C:\Users\vasio\.p2\pool\plugins\org.eclipse.justj.openjdk.hotspot.jre.full.win32.x86_64_16.0.2.v20210721-1149\jre\bin\vcruntime140_1.dll
0x00007ffd3b490000 - 0x00007ffd3b521000 	C:\Users\vasio\.p2\pool\plugins\org.eclipse.justj.openjdk.hotspot.jre.full.win32.x86_64_16.0.2.v20210721-1149\jre\bin\msvcp140.dll
0x00007ffd032d0000 - 0x00007ffd03e7b000 	C:\Users\vasio\.p2\pool\plugins\org.eclipse.justj.openjdk.hotspot.jre.full.win32.x86_64_16.0.2.v20210721-1149\jre\bin\server\jvm.dll
0x00007ffd54dc0000 - 0x00007ffd54e6e000 	C:\WINDOWS\System32\ADVAPI32.dll
0x00007ffd54b20000 - 0x00007ffd54bbc000 	C:\WINDOWS\System32\sechost.dll
0x00007ffd559b0000 - 0x00007ffd55ad5000 	C:\WINDOWS\System32\RPCRT4.dll
0x00007ffd561a0000 - 0x00007ffd561a8000 	C:\WINDOWS\System32\PSAPI.DLL
0x00007ffd40fd0000 - 0x00007ffd40ff7000 	C:\WINDOWS\SYSTEM32\WINMM.dll
0x00007ffd52680000 - 0x00007ffd52689000 	C:\WINDOWS\SYSTEM32\WSOCK32.dll
0x00007ffd56130000 - 0x00007ffd5619b000 	C:\WINDOWS\System32\WS2_32.dll
0x00007ffd4b320000 - 0x00007ffd4b32a000 	C:\WINDOWS\SYSTEM32\VERSION.dll
0x00007ffd527e0000 - 0x00007ffd527f2000 	C:\WINDOWS\SYSTEM32\kernel.appcore.dll
0x00007ffd4e3a0000 - 0x00007ffd4e3aa000 	C:\Users\vasio\.p2\pool\plugins\org.eclipse.justj.openjdk.hotspot.jre.full.win32.x86_64_16.0.2.v20210721-1149\jre\bin\jimage.dll
0x00007ffd51cc0000 - 0x00007ffd51ea4000 	C:\WINDOWS\SYSTEM32\DBGHELP.DLL
0x00007ffd46250000 - 0x00007ffd4627c000 	C:\WINDOWS\SYSTEM32\dbgcore.DLL
0x00007ffd540e0000 - 0x00007ffd54162000 	C:\WINDOWS\System32\bcryptPrimitives.dll
0x00007ffd3fcb0000 - 0x00007ffd3fcd5000 	C:\Users\vasio\.p2\pool\plugins\org.eclipse.justj.openjdk.hotspot.jre.full.win32.x86_64_16.0.2.v20210721-1149\jre\bin\java.dll

dbghelp: loaded successfully - version: 4.0.5 - missing functions: none
symbol engine: initialized successfully - sym options: 0x614 - pdb path: .;C:\Users\vasio\.p2\pool\plugins\org.eclipse.justj.openjdk.hotspot.jre.full.win32.x86_64_16.0.2.v20210721-1149\jre\bin;C:\WINDOWS\SYSTEM32;C:\Program Files\AVG\Antivirus;C:\WINDOWS\WinSxS\amd64_microsoft.windows.common-controls_6595b64144ccf1df_6.0.19041.1110_none_60b5254171f9507e;C:\Users\vasio\.p2\pool\plugins\org.eclipse.justj.openjdk.hotspot.jre.full.win32.x86_64_16.0.2.v20210721-1149\jre\bin\server

VM Arguments:
jvm_args: -Dfile.encoding=Cp1252 -XX:+ShowCodeDetailsInExceptionMessages 
java_command: default_pack.MainClass
java_class_path (initial): C:\Users\vasio\eclipse-workspace\Glovo\bin
Launcher Type: SUN_STANDARD

[Global flags]
     intx CICompilerCount                          = 3                                         {product} {ergonomic}
     uint ConcGCThreads                            = 1                                         {product} {ergonomic}
     uint G1ConcRefinementThreads                  = 4                                         {product} {ergonomic}
   size_t G1HeapRegionSize                         = 1048576                                   {product} {ergonomic}
    uintx GCDrainStackTargetSize                   = 64                                        {product} {ergonomic}
   size_t InitialHeapSize                          = 67108864                                  {product} {ergonomic}
   size_t MarkStackSize                            = 4194304                                   {product} {ergonomic}
   size_t MaxHeapSize                              = 1050673152                                {product} {ergonomic}
   size_t MinHeapDeltaBytes                        = 1048576                                   {product} {ergonomic}
   size_t MinHeapSize                              = 8388608                                   {product} {ergonomic}
    uintx NonNMethodCodeHeapSize                   = 5832780                                {pd product} {ergonomic}
    uintx NonProfiledCodeHeapSize                  = 122912730                              {pd product} {ergonomic}
    uintx ProfiledCodeHeapSize                     = 122912730                              {pd product} {ergonomic}
    uintx ReservedCodeCacheSize                    = 251658240                              {pd product} {ergonomic}
     bool SegmentedCodeCache                       = true                                      {product} {ergonomic}
     bool ShowCodeDetailsInExceptionMessages       = true                                   {manageable} {command line}
   size_t SoftMaxHeapSize                          = 1050673152                             {manageable} {ergonomic}
     bool UseCompressedClassPointers               = true                           {product lp64_product} {ergonomic}
     bool UseCompressedOops                        = true                           {product lp64_product} {ergonomic}
     bool UseG1GC                                  = true                                      {product} {ergonomic}
     bool UseLargePagesIndividualAllocation        = false                                  {pd product} {ergonomic}

Logging:
Log output configuration:
 #0: stdout all=warning uptime,level,tags
 #1: stderr all=off uptime,level,tags

Environment Variables:
PATH=C:/Users/vasio/.p2/pool/plugins/org.eclipse.justj.openjdk.hotspot.jre.full.win32.x86_64_16.0.2.v20210721-1149/jre/bin/server;C:/Users/vasio/.p2/pool/plugins/org.eclipse.justj.openjdk.hotspot.jre.full.win32.x86_64_16.0.2.v20210721-1149/jre/bin;C:\Windows\system32;C:\Windows;C:\Windows\System32\Wbem;C:\Windows\System32\WindowsPowerShell\v1.0\;C:\Windows\System32\OpenSSH\;C:\Program Files (x86)\NVIDIA Corporation\PhysX\Common;C:\Program Files\NVIDIA Corporation\NVIDIA NvDLISR;C:\WINDOWS\system32;C:\WINDOWS;C:\WINDOWS\System32\Wbem;C:\WINDOWS\System32\WindowsPowerShell\v1.0\;C:\WINDOWS\System32\OpenSSH\;B:\git\Git\cmd;C:\PROGRA~2\Aldec\ACTIVE~1.3\BIN;B:\psn\parking\bin;b:\psn\parking lot\BIN;C:\Users\vasio\.p2\pool\plugins\org.eclipse.justj.openjdk.hotspot.jre.full.win32.x86_64_16.0.2.v20210721-1149\jre\bin;C:\Users\vasio\AppData\Local\Microsoft\WindowsApps;C:\MinGW\bin;;C:\Users\vasio\Desktop;
USERNAME=vasio
OS=Windows_NT
PROCESSOR_IDENTIFIER=Intel64 Family 6 Model 69 Stepping 1, GenuineIntel



---------------  S Y S T E M  ---------------

OS:
 Windows 10 , 64 bit Build 19041 (10.0.19041.1706)
OS uptime: 1 days 14:55 hours

CPU: total 4 (initial active 4) (2 cores per cpu, 2 threads per core) family 6 model 69 stepping 1 microcode 0x25, cx8, cmov, fxsr, ht, mmx, sse, sse2, sse3, ssse3, sse4.1, sse4.2, popcnt, lzcnt, tsc, tscinvbit, avx, avx2, aes, erms, clmul, bmi1, bmi2, fma, vzeroupper, clflush

Memory: 4k page, system-wide physical 4000M (538M free)
TotalPageFile size 15666M (AvailPageFile size 37M)
current process WorkingSet (physical memory assigned to process): 10M, peak: 10M
current process commit charge ("private bytes"): 51M, peak: 115M

vm_info: OpenJDK 64-Bit Server VM (16.0.2+7-67) for windows-amd64 JRE (16.0.2+7-67), built on Jun  8 2021 23:21:43 by "mach5one" with MS VC++ 16.7 (VS2019)

END.
